05/23/2024 09:48:32 PM: INFO: **** test_001_AccountRegistration started *** 
05/23/2024 09:48:34 PM: INFO: Launching application
05/23/2024 09:48:34 PM: INFO: clicking on MyAccount--> register
05/23/2024 09:49:56 PM: INFO: **** test_001_AccountRegistration started *** 
05/23/2024 09:49:56 PM: INFO: Launching application
05/23/2024 09:49:56 PM: INFO: clicking on MyAccount--> register
05/23/2024 09:50:00 PM: INFO: **** test_001_AccountRegistration finished *** 
05/23/2024 09:52:31 PM: INFO: **** test_001_AccountRegistration started *** 
05/23/2024 09:52:32 PM: INFO: Launching application
05/23/2024 09:52:32 PM: INFO: clicking on MyAccount--> register
05/23/2024 09:53:07 PM: INFO: **** test_001_AccountRegistration started *** 
05/23/2024 09:53:08 PM: INFO: Launching application
05/23/2024 09:53:09 PM: INFO: clicking on MyAccount--> register
05/23/2024 09:56:21 PM: INFO: **** test_001_AccountRegistration started *** 
05/23/2024 09:56:23 PM: INFO: Launching application
05/23/2024 09:56:23 PM: INFO: clicking on MyAccount--> register
05/23/2024 09:56:27 PM: INFO: **** test_001_AccountRegistration finished *** 
05/23/2024 09:58:56 PM: INFO: **** test_001_AccountRegistration started *** 
05/23/2024 09:58:57 PM: INFO: Launching application
05/23/2024 09:58:57 PM: INFO: clicking on MyAccount--> register
05/23/2024 10:03:21 PM: INFO: **** test_001_AccountRegistration started *** 
05/23/2024 10:03:22 PM: INFO: Launching application
05/23/2024 10:03:22 PM: INFO: clicking on MyAccount--> register
05/23/2024 10:03:26 PM: INFO: **** test_001_AccountRegistration finished *** 
05/23/2024 10:04:21 PM: INFO: **** test_001_AccountRegistration started *** 
05/23/2024 10:04:25 PM: INFO: Launching application
05/23/2024 10:04:25 PM: INFO: clicking on MyAccount--> register
05/23/2024 10:04:29 PM: INFO: **** test_001_AccountRegistration finished *** 
05/23/2024 10:05:29 PM: INFO: **** test_001_AccountRegistration started *** 
05/23/2024 10:05:37 PM: INFO: Launching application
05/23/2024 10:05:38 PM: INFO: clicking on MyAccount--> register
05/23/2024 10:05:41 PM: INFO: **** test_001_AccountRegistration finished *** 
05/23/2024 10:10:59 PM: INFO: **** test_001_AccountRegistration started *** 
05/23/2024 10:11:01 PM: INFO: Launching application
05/23/2024 10:11:01 PM: INFO: clicking on MyAccount--> register
05/23/2024 10:11:05 PM: INFO: **** test_001_AccountRegistration finished *** 
05/23/2024 10:11:52 PM: INFO: **** test_001_AccountRegistration started *** 
05/23/2024 10:11:53 PM: INFO: Launching application
05/23/2024 10:11:53 PM: INFO: clicking on MyAccount--> register
05/23/2024 10:11:56 PM: INFO: **** test_001_AccountRegistration finished *** 
05/24/2024 09:29:47 AM: INFO: ******* Starting test_002_login **********
05/24/2024 09:30:37 AM: INFO: ******* Starting test_002_login **********
05/24/2024 09:30:41 AM: INFO: ******* End of test_002_login **********
05/24/2024 09:38:54 AM: INFO: **** Starting test_003_login_Datadriven *******
05/24/2024 09:39:48 AM: INFO: **** Starting test_003_login_Datadriven *******
05/24/2024 09:40:35 AM: INFO: ******* End of test_003_login_Datadriven **********
05/24/2024 07:44:39 PM: INFO: **** test_001_AccountRegistration started *** 
05/24/2024 07:44:42 PM: INFO: Launching application
05/24/2024 07:44:42 PM: INFO: clicking on MyAccount--> register
05/24/2024 07:45:36 PM: INFO: **** test_001_AccountRegistration started *** 
05/24/2024 07:45:37 PM: INFO: Launching application
05/24/2024 07:45:37 PM: INFO: clicking on MyAccount--> register
05/24/2024 07:58:48 PM: INFO: **** test_001_AccountRegistration started *** 
05/24/2024 07:58:48 PM: INFO: Launching application
05/24/2024 07:58:49 PM: INFO: clicking on MyAccount--> register
05/24/2024 07:59:47 PM: INFO: **** test_001_AccountRegistration started *** 
05/24/2024 07:59:48 PM: INFO: Launching application
05/24/2024 07:59:48 PM: INFO: clicking on MyAccount--> register
05/24/2024 07:59:52 PM: INFO: **** test_001_AccountRegistration finished *** 
05/24/2024 08:00:32 PM: INFO: **** test_001_AccountRegistration started *** 
05/24/2024 08:00:32 PM: INFO: Launching application
05/24/2024 08:00:32 PM: INFO: clicking on MyAccount--> register
05/24/2024 08:00:36 PM: INFO: **** test_001_AccountRegistration finished *** 
05/24/2024 08:01:18 PM: INFO: **** test_001_AccountRegistration started *** 
05/24/2024 08:01:19 PM: INFO: Launching application
05/24/2024 08:01:19 PM: INFO: clicking on MyAccount--> register
05/24/2024 08:06:32 PM: INFO: **** test_001_AccountRegistration started *** 
05/24/2024 08:06:32 PM: INFO: Launching application
05/24/2024 08:06:32 PM: INFO: clicking on MyAccount--> register
05/24/2024 08:11:37 PM: INFO: **** test_001_AccountRegistration started *** 
05/24/2024 08:11:37 PM: INFO: **** test_001_AccountRegistration started *** 
05/24/2024 08:11:38 PM: INFO: Launching application
05/24/2024 08:11:38 PM: INFO: Launching application
05/24/2024 08:11:38 PM: INFO: clicking on MyAccount--> register
05/24/2024 08:11:38 PM: INFO: clicking on MyAccount--> register
05/24/2024 08:11:44 PM: INFO: ******* Starting test_002_login **********
05/24/2024 08:11:44 PM: INFO: ******* Starting test_002_login **********
05/24/2024 08:11:46 PM: INFO: ******* End of test_002_login **********
05/24/2024 08:11:46 PM: INFO: ******* End of test_002_login **********
05/24/2024 08:13:00 PM: INFO: ******* Starting test_002_login **********
05/24/2024 08:13:02 PM: INFO: ******* End of test_002_login **********
05/24/2024 08:14:13 PM: INFO: ******* Starting test_002_login **********
05/24/2024 08:14:15 PM: INFO: ******* End of test_002_login **********
05/24/2024 09:06:21 PM: INFO: **** test_001_AccountRegistration started *** 
05/24/2024 09:06:22 PM: INFO: Launching application
05/24/2024 09:06:22 PM: INFO: clicking on MyAccount--> register
05/24/2024 09:06:26 PM: INFO: **** test_001_AccountRegistration finished *** 
05/24/2024 09:09:41 PM: INFO: **** test_001_AccountRegistration started *** 
05/24/2024 09:09:43 PM: INFO: Launching application
05/24/2024 09:09:43 PM: INFO: clicking on MyAccount--> register
05/24/2024 09:09:47 PM: INFO: **** test_001_AccountRegistration finished *** 
05/24/2024 09:11:59 PM: INFO: **** test_001_AccountRegistration started *** 
05/24/2024 09:12:00 PM: INFO: Launching application
05/24/2024 09:12:00 PM: INFO: clicking on MyAccount--> register
05/24/2024 09:12:05 PM: INFO: **** test_001_AccountRegistration finished *** 
05/24/2024 09:19:37 PM: INFO: ******* Starting test_002_login **********
05/24/2024 09:19:40 PM: INFO: ******* End of test_002_login **********
05/24/2024 09:20:50 PM: INFO: **** test_001_AccountRegistration started *** 
05/24/2024 09:20:50 PM: INFO: **** test_001_AccountRegistration started *** 
05/24/2024 09:20:50 PM: INFO: Launching application
05/24/2024 09:20:50 PM: INFO: Launching application
05/24/2024 09:20:51 PM: INFO: clicking on MyAccount--> register
05/24/2024 09:20:51 PM: INFO: clicking on MyAccount--> register
05/24/2024 09:20:57 PM: INFO: ******* Starting test_002_login **********
05/24/2024 09:20:57 PM: INFO: ******* Starting test_002_login **********
05/24/2024 09:21:00 PM: INFO: ******* End of test_002_login **********
05/24/2024 09:21:00 PM: INFO: ******* End of test_002_login **********
05/24/2024 09:39:10 PM: INFO: **** Starting test_003_login_Datadriven *******
05/24/2024 09:42:14 PM: INFO: **** Starting test_003_login_Datadriven *******
05/24/2024 09:47:54 PM: INFO: ******* Starting test_002_login **********
05/24/2024 09:47:54 PM: INFO: ******* Starting test_002_login **********
05/24/2024 09:47:54 PM: INFO: ******* Starting test_002_login **********
05/24/2024 09:47:57 PM: INFO: ******* End of test_002_login **********
05/24/2024 09:47:57 PM: INFO: ******* End of test_002_login **********
05/24/2024 09:47:57 PM: INFO: ******* End of test_002_login **********
05/24/2024 09:48:54 PM: INFO: **** test_001_AccountRegistration started *** 
05/24/2024 09:48:54 PM: INFO: **** test_001_AccountRegistration started *** 
05/24/2024 09:48:54 PM: INFO: **** test_001_AccountRegistration started *** 
05/24/2024 09:48:55 PM: INFO: Launching application
05/24/2024 09:48:55 PM: INFO: Launching application
05/24/2024 09:48:55 PM: INFO: Launching application
05/24/2024 09:48:55 PM: INFO: clicking on MyAccount--> register
05/24/2024 09:48:55 PM: INFO: clicking on MyAccount--> register
05/24/2024 09:48:55 PM: INFO: clicking on MyAccount--> register
05/24/2024 09:49:02 PM: INFO: ******* Starting test_002_login **********
05/24/2024 09:49:02 PM: INFO: ******* Starting test_002_login **********
05/24/2024 09:49:02 PM: INFO: ******* Starting test_002_login **********
05/24/2024 09:49:05 PM: INFO: ******* End of test_002_login **********
05/24/2024 09:49:05 PM: INFO: ******* End of test_002_login **********
05/24/2024 09:49:05 PM: INFO: ******* End of test_002_login **********
05/24/2024 11:07:52 PM: INFO: **** test_001_AccountRegistration started *** 
05/24/2024 11:07:52 PM: INFO: **** test_001_AccountRegistration started *** 
05/24/2024 11:07:52 PM: INFO: **** test_001_AccountRegistration started *** 
05/24/2024 11:07:53 PM: INFO: Launching application
05/24/2024 11:07:53 PM: INFO: Launching application
05/24/2024 11:07:53 PM: INFO: Launching application
05/24/2024 11:07:53 PM: INFO: clicking on MyAccount--> register
05/24/2024 11:07:53 PM: INFO: clicking on MyAccount--> register
05/24/2024 11:07:53 PM: INFO: clicking on MyAccount--> register
05/24/2024 11:08:00 PM: INFO: ******* Starting test_002_login **********
05/24/2024 11:08:00 PM: INFO: ******* Starting test_002_login **********
05/24/2024 11:08:00 PM: INFO: ******* Starting test_002_login **********
05/24/2024 11:08:03 PM: INFO: ******* End of test_002_login **********
05/24/2024 11:08:03 PM: INFO: ******* End of test_002_login **********
05/24/2024 11:08:03 PM: INFO: ******* End of test_002_login **********
05/27/2024 09:18:19 PM: INFO: ******* Starting test_002_login **********
05/27/2024 09:18:19 PM: INFO: ******* Starting test_002_login **********
05/27/2024 09:18:19 PM: INFO: ******* Starting test_002_login **********
05/27/2024 09:18:52 PM: INFO: ******* Starting test_002_login **********
05/27/2024 09:18:52 PM: INFO: ******* Starting test_002_login **********
05/27/2024 09:18:52 PM: INFO: ******* Starting test_002_login **********
05/28/2024 07:44:02 AM: INFO: ******* Starting test_002_login **********
05/28/2024 07:44:02 AM: INFO: ******* Starting test_002_login **********
05/28/2024 07:44:02 AM: INFO: ******* Starting test_002_login **********
05/28/2024 08:17:37 PM: INFO: **** test_001_AccountRegistration started *** 
05/28/2024 08:17:37 PM: INFO: **** test_001_AccountRegistration started *** 
05/28/2024 08:17:37 PM: INFO: **** test_001_AccountRegistration started *** 
05/28/2024 08:17:38 PM: INFO: Launching application
05/28/2024 08:17:38 PM: INFO: Launching application
05/28/2024 08:17:38 PM: INFO: Launching application
05/28/2024 08:17:38 PM: INFO: clicking on MyAccount--> register
05/28/2024 08:17:38 PM: INFO: clicking on MyAccount--> register
05/28/2024 08:17:38 PM: INFO: clicking on MyAccount--> register
05/28/2024 08:17:44 PM: INFO: **** test_001_AccountRegistration finished *** 
05/28/2024 08:17:44 PM: INFO: **** test_001_AccountRegistration finished *** 
05/28/2024 08:17:44 PM: INFO: **** test_001_AccountRegistration finished *** 
05/28/2024 08:19:28 PM: INFO: **** test_001_AccountRegistration started *** 
05/28/2024 08:19:28 PM: INFO: **** test_001_AccountRegistration started *** 
05/28/2024 08:19:28 PM: INFO: **** test_001_AccountRegistration started *** 
05/28/2024 08:19:29 PM: INFO: Launching application
05/28/2024 08:19:29 PM: INFO: Launching application
05/28/2024 08:19:29 PM: INFO: Launching application
05/28/2024 08:19:29 PM: INFO: clicking on MyAccount--> register
05/28/2024 08:19:29 PM: INFO: clicking on MyAccount--> register
05/28/2024 08:19:29 PM: INFO: clicking on MyAccount--> register
05/28/2024 08:19:33 PM: INFO: **** test_001_AccountRegistration finished *** 
05/28/2024 08:19:33 PM: INFO: **** test_001_AccountRegistration finished *** 
05/28/2024 08:19:33 PM: INFO: **** test_001_AccountRegistration finished *** 
05/28/2024 08:21:47 PM: INFO: **** test_001_AccountRegistration started *** 
05/28/2024 08:21:47 PM: INFO: **** test_001_AccountRegistration started *** 
05/28/2024 08:21:47 PM: INFO: **** test_001_AccountRegistration started *** 
05/28/2024 08:21:47 PM: INFO: Launching application
05/28/2024 08:21:47 PM: INFO: Launching application
05/28/2024 08:21:47 PM: INFO: Launching application
05/28/2024 08:21:47 PM: INFO: clicking on MyAccount--> register
05/28/2024 08:21:47 PM: INFO: clicking on MyAccount--> register
05/28/2024 08:21:47 PM: INFO: clicking on MyAccount--> register
05/28/2024 08:21:52 PM: INFO: **** test_001_AccountRegistration finished *** 
05/28/2024 08:21:52 PM: INFO: **** test_001_AccountRegistration finished *** 
05/28/2024 08:21:52 PM: INFO: **** test_001_AccountRegistration finished *** 
05/28/2024 08:21:53 PM: INFO: ******* Starting test_002_login **********
05/28/2024 08:21:53 PM: INFO: ******* Starting test_002_login **********
05/28/2024 08:21:53 PM: INFO: ******* Starting test_002_login **********
05/28/2024 08:21:55 PM: INFO: ******* End of test_002_login **********
05/28/2024 08:21:55 PM: INFO: ******* End of test_002_login **********
05/28/2024 08:21:55 PM: INFO: ******* End of test_002_login **********
05/28/2024 09:08:09 PM: INFO: **** test_001_AccountRegistration started *** 
05/28/2024 09:08:09 PM: INFO: **** test_001_AccountRegistration started *** 
05/28/2024 09:08:09 PM: INFO: **** test_001_AccountRegistration started *** 
05/28/2024 09:08:10 PM: INFO: Launching application
05/28/2024 09:08:10 PM: INFO: Launching application
05/28/2024 09:08:10 PM: INFO: Launching application
05/28/2024 09:08:10 PM: INFO: clicking on MyAccount--> register
05/28/2024 09:08:10 PM: INFO: clicking on MyAccount--> register
05/28/2024 09:08:10 PM: INFO: clicking on MyAccount--> register
05/28/2024 09:08:14 PM: INFO: **** test_001_AccountRegistration finished *** 
05/28/2024 09:08:14 PM: INFO: **** test_001_AccountRegistration finished *** 
05/28/2024 09:08:14 PM: INFO: **** test_001_AccountRegistration finished *** 
05/28/2024 09:08:16 PM: INFO: ******* Starting test_002_login **********
05/28/2024 09:08:16 PM: INFO: ******* Starting test_002_login **********
05/28/2024 09:08:16 PM: INFO: ******* Starting test_002_login **********
05/28/2024 09:08:18 PM: INFO: ******* End of test_002_login **********
05/28/2024 09:08:18 PM: INFO: ******* End of test_002_login **********
05/28/2024 09:08:18 PM: INFO: ******* End of test_002_login **********
05/30/2024 04:21:53 PM: INFO: **** test_001_AccountRegistration started *** 
05/30/2024 04:21:53 PM: INFO: **** test_001_AccountRegistration started *** 
05/30/2024 04:21:53 PM: INFO: **** test_001_AccountRegistration started *** 
